<?xml version="1.0" encoding="UTF-8"?>
<testsuite name="be.domino.AlgoritmeTest" tests="8" skipped="0" failures="0" errors="0" timestamp="2022-03-24T20:09:55" hostname="LAPTOPJARNETHYS" time="0.062">
  <properties/>
  <testcase name="kanLinks_steenKanLinksWantLeeg_true()" classname="be.domino.AlgoritmeTest" time="0.053"/>
  <testcase name="kanRechts_steenKanNietRechtsDoorKleur_false()" classname="be.domino.AlgoritmeTest" time="0.001"/>
  <testcase name="kanLinks_steenKanLinks_true()" classname="be.domino.AlgoritmeTest" time="0.0"/>
  <testcase name="kanRechts_steenKanRechts_true()" classname="be.domino.AlgoritmeTest" time="0.001"/>
  <testcase name="kanRechts_steenKanNietRechtsDoorOgen_false()" classname="be.domino.AlgoritmeTest" time="0.001"/>
  <testcase name="kanLinks_steenKanNietLinksDoorKleur_false()" classname="be.domino.AlgoritmeTest" time="0.001"/>
  <testcase name="kanLinks_steenKanNietLinksDoorOgen_false()" classname="be.domino.AlgoritmeTest" time="0.001"/>
  <testcase name="kanRechts_steenKanRechtsWantLeeg_true()" classname="be.domino.AlgoritmeTest" time="0.001"/>
  <system-out><![CDATA[]]></system-out>
  <system-err><![CDATA[]]></system-err>
</testsuite>
